[     692ms] [LOG] %c
▲

  ________            ___    ____   ________                __
 /_  __/ /_  ___     /   |  /  _/  / ____/ /___  __  ______/ /
  / / / __ \/ _ \   / /| |  / /   / /   / / __ \/ / / / __  /
 / / / / / /  __/  / ___ |_/ /   / /___/ / /_/ / /_/ / /_/ /
/_/ /_/ /_/\___/  /_/  |_/___/   \____/_/\____/\__,_/\__,_/
  

Hello!

- Open Source https://vercel.com/oss
- Careers https://vercel.com/careers
- Status https://vercel-status.com

 font-family: "Geist Mono", monospace; white-space: pre; line-height: 1; @ https://vercel.com/_next/static/chunks/2qnwye86tw9bd.js?dpl=dpl_r9f6p8BH7wQ56QjYdXBBdT8jdqhz:72
[    1261ms] [WARNING] iso_swr: SSR fetch failed for "/v1/dashboard/projects/dnf-enhance-predictor?teamId=justonescc" {error: iso_swr_fetch_error, message: The request is missing an authentication token} @ https://vercel.com/justonescc/dnf-enhance-predictor:622
[    1262ms] [WARNING] iso_swr: SSR fetch failed for "/api/v8/projects?includePermissions=false&latestDeployments=0&limit=10&search=&slug=justonescc" {error: iso_swr_fetch_error, message: The request is missing an authentication token} @ https://vercel.com/justonescc/dnf-enhance-predictor:622
[    1262ms] [WARNING] iso_swr: SSR fetch failed for "/api/v2/teams/justonescc" {error: iso_swr_fetch_error, message: The request is missing an authentication token} @ https://vercel.com/justonescc/dnf-enhance-predictor:622
[    1268ms] [WARNING] iso_swr: SSR fetch failed for "/api/v6/deployments?limit=10&projectId=dnf-enhance-predictor&rollbackCandidate=true&teamId=justonescc" {error: iso_swr_fetch_error, message: The request is missing an authentication token} @ https://vercel.com/justonescc/dnf-enhance-predictor:701
[    1293ms] [WARNING] iso_swr: SSR fetch failed for "/api/v9/projects/dnf-enhance-predictor?activeBranches=1&latestDeployments=1&rollbackInfo=true&teamId=justonescc" {error: iso_swr_fetch_error, message: The request is missing an authentication token} @ https://vercel.com/justonescc/dnf-enhance-predictor:870
[    1293ms] [WARNING] iso_swr: SSR fetch failed for "/dashboard/projects/dnf-enhance-predictor/production-checklist?teamId=justonescc" {error: iso_swr_fetch_error, message: The request is missing an authentication token} @ https://vercel.com/justonescc/dnf-enhance-predictor:870
[    1293ms] [WARNING] iso_swr: SSR fetch failed for "/api/v6/deployments?limit=10&projectId=dnf-enhance-predictor&state=INITIALIZING%2CREADY%2CERROR%2CBUILDING%2CQUEUED&target=preview&teamId=justonescc" {error: iso_swr_fetch_error, message: The request is missing an authentication token} @ https://vercel.com/justonescc/dnf-enhance-predictor:870
[    1487ms] [WARNING] iso_swr[warn] [client] fallback error for key: "/api/v2/teams/justonescc" {error: iso_swr_fetch_error, message: The request is missing an authentication token} @ https://vercel.com/_next/static/chunks/28nwdohx_lqj8.js?dpl=dpl_r9f6p8BH7wQ56QjYdXBBdT8jdqhz:6
[    1601ms] [WARNING] iso_swr[warn] [client] fallback error for key: "/v1/dashboard/projects/dnf-enhance-predictor?teamId=justonescc" {error: iso_swr_fetch_error, message: The request is missing an authentication token} @ https://vercel.com/_next/static/chunks/28nwdohx_lqj8.js?dpl=dpl_r9f6p8BH7wQ56QjYdXBBdT8jdqhz:6
[    1792ms] [ERROR] Failed to load resource: the server responded with a status of 403 () @ https://vercel.com/api/jwt:0
[    1793ms] [ERROR] Failed to load resource: the server responded with a status of 403 () @ https://vercel.com/api/v1/notifications/push:0
[    1824ms] [ERROR] Failed to load resource: the server responded with a status of 403 () @ https://vercel.com/api/v1/dashboard/projects/dnf-enhance-predictor?teamId=justonescc:0
[    1903ms] [ERROR] Failed to load resource: the server responded with a status of 403 () @ https://vercel.com/api/dashboard/projects/dnf-enhance-predictor/activity?teamId=justonescc:0
[    1950ms] [ERROR] The script resource is behind a redirect, which is disallowed. @ :0
[    2014ms] [LOG] Ignored request error TypeError: Failed to fetch
    at window.fetch (https://vercel.com/justonescc/dnf-enhance-predictor:80:5672)
    at revalidateOnFocus (https://vercel.com/_next/static/chunks/1d20ed1rm6bo9.js?dpl=dpl_r9f6p8BH7wQ56QjYdXBBdT8jdqhz:2:1127)
    at https://vercel.com/_next/static/chunks/0dro1b5mbef4q.js?dpl=dpl_r9f6p8BH7wQ56QjYdXBBdT8jdqhz:2:7513
    at https://vercel.com/_next/static/chunks/0dro1b5mbef4q.js?dpl=dpl_r9f6p8BH7wQ56QjYdXBBdT8jdqhz:2:12536
    at https://vercel.com/_next/static/chunks/0dro1b5mbef4q.js?dpl=dpl_r9f6p8BH7wQ56QjYdXBBdT8jdqhz:2:14036
    at iI (https://vercel.com/_next/static/chunks/2qnwye86tw9bd.js?dpl=dpl_r9f6p8BH7wQ56QjYdXBBdT8jdqhz:73:103981)
    at up (https://vercel.com/_next/static/chunks/2qnwye86tw9bd.js?dpl=dpl_r9f6p8BH7wQ56QjYdXBBdT8jdqhz:73:112151)
    at uP (https://vercel.com/_next/static/chunks/2qnwye86tw9bd.js?dpl=dpl_r9f6p8BH7wQ56QjYdXBBdT8jdqhz:73:124728)
    at up (https://vercel.com/_next/static/chunks/2qnwye86tw9bd.js?dpl=dpl_r9f6p8BH7wQ56QjYdXBBdT8jdqhz:73:112138)
    at uP (https://vercel.com/_next/static/chunks/2qnwye86tw9bd.js?dpl=dpl_r9f6p8BH7wQ56QjYdXBBdT8jdqhz:73:124728) @ https://vercel.com/_next/static/chunks/1tkml60sldc9x.js?dpl=dpl_r9f6p8BH7wQ56QjYdXBBdT8jdqhz:4
[    2015ms] [LOG] Ignored request error TypeError: A network error has occurred. Please check your connection and try again.
    at E (https://vercel.com/_next/static/chunks/1t5ipbreuf1bh.js?dpl=dpl_r9f6p8BH7wQ56QjYdXBBdT8jdqhz:2:19022)
    at async revalidateIfStale (https://vercel.com/_next/static/chunks/1y2jathj1bytb.js?dpl=dpl_r9f6p8BH7wQ56QjYdXBBdT8jdqhz:11:80914)
    at async https://vercel.com/_next/static/chunks/0dro1b5mbef4q.js?dpl=dpl_r9f6p8BH7wQ56QjYdXBBdT8jdqhz:2:12566 @ https://vercel.com/_next/static/chunks/1tkml60sldc9x.js?dpl=dpl_r9f6p8BH7wQ56QjYdXBBdT8jdqhz:4
[    2029ms] [LOG] %c
▲

__  __                                     _            __
\ \/ /___  __  __   _________ _____       (_)_  _______/ /_
 \  / __ \/ / / /  / ___/ __ `/ __ \     / / / / / ___/ __/
 / / /_/ / /_/ /  / /__/ /_/ / / / /    / / /_/ (__  ) /_
/_/\____/\__,_/   \___/\__,_/_/ /_/  __/ /\__,_/____/\__/
         __    _          __  __    /___/
   _____/ /_  (_)___     / /_/ /_  (_)___  ____ ______
  / ___/ __ \/ / __ \   / __/ __ \/ / __ \/ __ `/ ___/
 (__  ) / / / / /_/ /  / /_/ / / / / / / / /_/ (__  )
/____/_/ /_/_/ .___/   \__/_/ /_/_/_/ /_/\__, /____/
            /_/                         /____/
  

Hello!

- Open Source https://vercel.com/oss
- Careers https://vercel.com/careers
- Status https://vercel-status.com

 font-family: "Geist Mono", monospace; white-space: pre; line-height: 1; @ https://vercel.com/_next/static/chunks/2qnwye86tw9bd.js?dpl=dpl_r9f6p8BH7wQ56QjYdXBBdT8jdqhz:72
[    2664ms] [WARNING] [GSI_LOGGER]: Your client application uses one of the Google One Tap prompt UI status methods that may stop functioning when FedCM becomes mandatory. Refer to the migration guide to update your code accordingly and opt-in to FedCM to test your changes. Learn more: https://developers.google.com/identity/gsi/web/guides/fedcm-migration?s=dc#display_moment and https://developers.google.com/identity/gsi/web/guides/fedcm-migration?s=dc#skipped_moment @ https://accounts.google.com/gsi/client:84
[    2667ms] [ERROR] Not signed in with the identity provider. @ https://vercel.com/login?next=%2Fjustonescc%2Fdnf-enhance-predictor:0
[    2714ms] [WARNING] Deprecated API for given entry type. @ https://vercel.com/_next/static/chunks/06kl74ekbv4gc.js?dpl=dpl_r9f6p8BH7wQ56QjYdXBBdT8jdqhz:18
[    2928ms] [ERROR] Failed to load resource: the server responded with a status of 403 () @ https://vercel.com/api/jwt:0
[    6563ms] [WARNING] The resource https://vercel.com/_next/static/media/ebay-light.3ft_ki8203ov0.svg?dpl=dpl_r9f6p8BH7wQ56QjYdXBBdT8jdqhz was preloaded using link preload but not used within a few seconds from the window's load event. Please make sure it has an appropriate `as` value and it is preloaded intentionally. @ https://vercel.com/login?next=%2Fjustonescc%2Fdnf-enhance-predictor:0
[    6564ms] [WARNING] The resource https://vercel.com/_next/static/media/ebay-dark.34mho2a18qqlt.svg?dpl=dpl_r9f6p8BH7wQ56QjYdXBBdT8jdqhz was preloaded using link preload but not used within a few seconds from the window's load event. Please make sure it has an appropriate `as` value and it is preloaded intentionally. @ https://vercel.com/login?next=%2Fjustonescc%2Fdnf-enhance-predictor:0
[    6564ms] [WARNING] The resource https://vercel.com/_next/static/media/stripe-dark.16ozjth2vgb_3.svg?dpl=dpl_r9f6p8BH7wQ56QjYdXBBdT8jdqhz was preloaded using link preload but not used within a few seconds from the window's load event. Please make sure it has an appropriate `as` value and it is preloaded intentionally. @ https://vercel.com/login?next=%2Fjustonescc%2Fdnf-enhance-predictor:0
[    6564ms] [WARNING] The resource https://vercel.com/_next/static/media/adobe-light.406_7oryl71va.svg?dpl=dpl_r9f6p8BH7wQ56QjYdXBBdT8jdqhz was preloaded using link preload but not used within a few seconds from the window's load event. Please make sure it has an appropriate `as` value and it is preloaded intentionally. @ https://vercel.com/login?next=%2Fjustonescc%2Fdnf-enhance-predictor:0
[    6564ms] [WARNING] The resource https://vercel.com/_next/static/media/stripe-light.2l_1jctpe6k_4.svg?dpl=dpl_r9f6p8BH7wQ56QjYdXBBdT8jdqhz was preloaded using link preload but not used within a few seconds from the window's load event. Please make sure it has an appropriate `as` value and it is preloaded intentionally. @ https://vercel.com/login?next=%2Fjustonescc%2Fdnf-enhance-predictor:0
[   14292ms] [ERROR] [GSI_LOGGER]: FedCM get() rejects with NetworkError: Error retrieving a token. @ https://vercel.com/_next/static/chunks/28nwdohx_lqj8.js?dpl=dpl_r9f6p8BH7wQ56QjYdXBBdT8jdqhz:6
[   14626ms] [ERROR] Failed to load resource: the server responded with a status of 429 () @ https://o205439.ingest.sentry.io/api/1323670/envelope/?sentry_key=d00780d432ac4ccf882f60dd02062e14&sentry_version=7&sentry_client=sentry.javascript.browser%2F7.111.0:0
[   17679ms] [WARNING] The resource https://vercel.com/_next/static/media/ebay-light.3ft_ki8203ov0.svg?dpl=dpl_r9f6p8BH7wQ56QjYdXBBdT8jdqhz was preloaded using link preload but not used within a few seconds from the window's load event. Please make sure it has an appropriate `as` value and it is preloaded intentionally. @ https://vercel.com/login?next=%2Fjustonescc%2Fdnf-enhance-predictor:0
[   17679ms] [WARNING] The resource https://vercel.com/_next/static/media/ebay-dark.34mho2a18qqlt.svg?dpl=dpl_r9f6p8BH7wQ56QjYdXBBdT8jdqhz was preloaded using link preload but not used within a few seconds from the window's load event. Please make sure it has an appropriate `as` value and it is preloaded intentionally. @ https://vercel.com/login?next=%2Fjustonescc%2Fdnf-enhance-predictor:0
[   17679ms] [WARNING] The resource https://vercel.com/_next/static/media/stripe-dark.16ozjth2vgb_3.svg?dpl=dpl_r9f6p8BH7wQ56QjYdXBBdT8jdqhz was preloaded using link preload but not used within a few seconds from the window's load event. Please make sure it has an appropriate `as` value and it is preloaded intentionally. @ https://vercel.com/login?next=%2Fjustonescc%2Fdnf-enhance-predictor:0
[   17679ms] [WARNING] The resource https://vercel.com/_next/static/media/adobe-light.406_7oryl71va.svg?dpl=dpl_r9f6p8BH7wQ56QjYdXBBdT8jdqhz was preloaded using link preload but not used within a few seconds from the window's load event. Please make sure it has an appropriate `as` value and it is preloaded intentionally. @ https://vercel.com/login?next=%2Fjustonescc%2Fdnf-enhance-predictor:0
[   17679ms] [WARNING] The resource https://vercel.com/_next/static/media/stripe-light.2l_1jctpe6k_4.svg?dpl=dpl_r9f6p8BH7wQ56QjYdXBBdT8jdqhz was preloaded using link preload but not used within a few seconds from the window's load event. Please make sure it has an appropriate `as` value and it is preloaded intentionally. @ https://vercel.com/login?next=%2Fjustonescc%2Fdnf-enhance-predictor:0
[   20990ms] [ERROR] Failed to load resource: the server responded with a status of 500 () @ https://vercel.com/.well-known/otel/metrics:0
[   23992ms] [WARNING] The resource https://vercel.com/_next/static/media/ebay-light.3ft_ki8203ov0.svg?dpl=dpl_r9f6p8BH7wQ56QjYdXBBdT8jdqhz was preloaded using link preload but not used within a few seconds from the window's load event. Please make sure it has an appropriate `as` value and it is preloaded intentionally. @ https://vercel.com/login?next=%2Fjustonescc%2Fdnf-enhance-predictor:0
[   23992ms] [WARNING] The resource https://vercel.com/_next/static/media/ebay-dark.34mho2a18qqlt.svg?dpl=dpl_r9f6p8BH7wQ56QjYdXBBdT8jdqhz was preloaded using link preload but not used within a few seconds from the window's load event. Please make sure it has an appropriate `as` value and it is preloaded intentionally. @ https://vercel.com/login?next=%2Fjustonescc%2Fdnf-enhance-predictor:0
[   23992ms] [WARNING] The resource https://vercel.com/_next/static/media/stripe-dark.16ozjth2vgb_3.svg?dpl=dpl_r9f6p8BH7wQ56QjYdXBBdT8jdqhz was preloaded using link preload but not used within a few seconds from the window's load event. Please make sure it has an appropriate `as` value and it is preloaded intentionally. @ https://vercel.com/login?next=%2Fjustonescc%2Fdnf-enhance-predictor:0
[   23992ms] [WARNING] The resource https://vercel.com/_next/static/media/adobe-light.406_7oryl71va.svg?dpl=dpl_r9f6p8BH7wQ56QjYdXBBdT8jdqhz was preloaded using link preload but not used within a few seconds from the window's load event. Please make sure it has an appropriate `as` value and it is preloaded intentionally. @ https://vercel.com/login?next=%2Fjustonescc%2Fdnf-enhance-predictor:0
[   23992ms] [WARNING] The resource https://vercel.com/_next/static/media/stripe-light.2l_1jctpe6k_4.svg?dpl=dpl_r9f6p8BH7wQ56QjYdXBBdT8jdqhz was preloaded using link preload but not used within a few seconds from the window's load event. Please make sure it has an appropriate `as` value and it is preloaded intentionally. @ https://vercel.com/login?next=%2Fjustonescc%2Fdnf-enhance-predictor:0
