[    1437ms] [LOG] %c
▲

__  __                                     _            __
\ \/ /___  __  __   _________ _____       (_)_  _______/ /_
 \  / __ \/ / / /  / ___/ __ `/ __ \     / / / / / ___/ __/
 / / /_/ / /_/ /  / /__/ /_/ / / / /    / / /_/ (__  ) /_
/_/\____/\__,_/   \___/\__,_/_/ /_/  __/ /\__,_/____/\__/
         __    _          __  __    /___/
   _____/ /_  (_)___     / /_/ /_  (_)___  ____ ______
  / ___/ __ \/ / __ \   / __/ __ \/ / __ \/ __ `/ ___/
 (__  ) / / / / /_/ /  / /_/ / / / / / / / /_/ (__  )
/____/_/ /_/_/ .___/   \__/_/ /_/_/_/ /_/\__, /____/
            /_/                         /____/
  

Hello!

- Open Source https://vercel.com/oss
- Careers https://vercel.com/careers
- Status https://vercel-status.com

 font-family: "Geist Mono", monospace; white-space: pre; line-height: 1; @ https://vercel.com/_next/static/chunks/2qnwye86tw9bd.js?dpl=dpl_9QcvTCz8nHeR52aYyGkD91qNGhKg:72
[    1863ms] [WARNING] Deprecated API for given entry type. @ https://vercel.com/_next/static/chunks/06kl74ekbv4gc.js?dpl=dpl_9QcvTCz8nHeR52aYyGkD91qNGhKg:18
[    1951ms] [ERROR] Failed to load resource: the server responded with a status of 403 () @ https://vercel.com/api/jwt:0
[    2273ms] [WARNING] [GSI_LOGGER]: Your client application uses one of the Google One Tap prompt UI status methods that may stop functioning when FedCM becomes mandatory. Refer to the migration guide to update your code accordingly and opt-in to FedCM to test your changes. Learn more: https://developers.google.com/identity/gsi/web/guides/fedcm-migration?s=dc#display_moment and https://developers.google.com/identity/gsi/web/guides/fedcm-migration?s=dc#skipped_moment @ https://vercel.com/_next/static/chunks/06kl74ekbv4gc.js?dpl=dpl_9QcvTCz8nHeR52aYyGkD91qNGhKg:16
[    2277ms] [ERROR] Not signed in with the identity provider. @ https://vercel.com/login?next=%2Fdashboard:0
[    2436ms] [ERROR] [GSI_LOGGER]: FedCM get() rejects with NetworkError: Error retrieving a token. @ https://vercel.com/_next/static/chunks/3rkw0t9ynfsqt.js?dpl=dpl_9QcvTCz8nHeR52aYyGkD91qNGhKg:6
[    2763ms] [ERROR] Failed to load resource: the server responded with a status of 429 () @ https://o205439.ingest.sentry.io/api/1323670/envelope/?sentry_key=d00780d432ac4ccf882f60dd02062e14&sentry_version=7&sentry_client=sentry.javascript.browser%2F7.111.0:0
[    5815ms] [WARNING] The resource https://vercel.com/_next/static/media/stripe-light.2l_1jctpe6k_4.svg?dpl=dpl_9QcvTCz8nHeR52aYyGkD91qNGhKg was preloaded using link preload but not used within a few seconds from the window's load event. Please make sure it has an appropriate `as` value and it is preloaded intentionally. @ https://vercel.com/login?next=%2Fdashboard:0
[    5815ms] [WARNING] The resource https://vercel.com/_next/static/media/adobe-light.406_7oryl71va.svg?dpl=dpl_9QcvTCz8nHeR52aYyGkD91qNGhKg was preloaded using link preload but not used within a few seconds from the window's load event. Please make sure it has an appropriate `as` value and it is preloaded intentionally. @ https://vercel.com/login?next=%2Fdashboard:0
[    5815ms] [WARNING] The resource https://vercel.com/_next/static/media/ebay-light.3ft_ki8203ov0.svg?dpl=dpl_9QcvTCz8nHeR52aYyGkD91qNGhKg was preloaded using link preload but not used within a few seconds from the window's load event. Please make sure it has an appropriate `as` value and it is preloaded intentionally. @ https://vercel.com/login?next=%2Fdashboard:0
[    5815ms] [WARNING] The resource https://vercel.com/_next/static/media/ebay-dark.34mho2a18qqlt.svg?dpl=dpl_9QcvTCz8nHeR52aYyGkD91qNGhKg was preloaded using link preload but not used within a few seconds from the window's load event. Please make sure it has an appropriate `as` value and it is preloaded intentionally. @ https://vercel.com/login?next=%2Fdashboard:0
[    5815ms] [WARNING] The resource https://vercel.com/_next/static/media/stripe-dark.16ozjth2vgb_3.svg?dpl=dpl_9QcvTCz8nHeR52aYyGkD91qNGhKg was preloaded using link preload but not used within a few seconds from the window's load event. Please make sure it has an appropriate `as` value and it is preloaded intentionally. @ https://vercel.com/login?next=%2Fdashboard:0
