[    1375ms] [LOG] %c
▲

  ________            ___    ____   ________                __
 /_  __/ /_  ___     /   |  /  _/  / ____/ /___  __  ______/ /
  / / / __ \/ _ \   / /| |  / /   / /   / / __ \/ / / / __  /
 / / / / / /  __/  / ___ |_/ /   / /___/ / /_/ / /_/ / /_/ /
/_/ /_/ /_/\___/  /_/  |_/___/   \____/_/\____/\__,_/\__,_/
  

Hello!

- Open Source https://vercel.com/oss
- Careers https://vercel.com/careers
- Status https://vercel-status.com

 font-family: "Geist Mono", monospace; white-space: pre; line-height: 1; @ https://vercel.com/_next/static/chunks/2qnwye86tw9bd.js?dpl=dpl_r9f6p8BH7wQ56QjYdXBBdT8jdqhz:72
[    1833ms] [WARNING] Deprecated API for given entry type. @ https://vercel.com/_next/static/chunks/06kl74ekbv4gc.js?dpl=dpl_r9f6p8BH7wQ56QjYdXBBdT8jdqhz:18
[    1858ms] [ERROR] Failed to load resource: the server responded with a status of 403 () @ https://vercel.com/api/jwt:0
[    2015ms] [WARNING] [GSI_LOGGER]: Your client application uses one of the Google One Tap prompt UI status methods that may stop functioning when FedCM becomes mandatory. Refer to the migration guide to update your code accordingly and opt-in to FedCM to test your changes. Learn more: https://developers.google.com/identity/gsi/web/guides/fedcm-migration?s=dc#display_moment and https://developers.google.com/identity/gsi/web/guides/fedcm-migration?s=dc#skipped_moment @ https://vercel.com/_next/static/chunks/06kl74ekbv4gc.js?dpl=dpl_r9f6p8BH7wQ56QjYdXBBdT8jdqhz:16
[    2018ms] [ERROR] Not signed in with the identity provider. @ https://vercel.com/login?next=%2Fdashboard:0
[    5653ms] [WARNING] The resource https://vercel.com/_next/static/media/ebay-light.3ft_ki8203ov0.svg?dpl=dpl_r9f6p8BH7wQ56QjYdXBBdT8jdqhz was preloaded using link preload but not used within a few seconds from the window's load event. Please make sure it has an appropriate `as` value and it is preloaded intentionally. @ https://vercel.com/login?next=%2Fdashboard:0
[    5653ms] [WARNING] The resource https://vercel.com/_next/static/media/ebay-dark.34mho2a18qqlt.svg?dpl=dpl_r9f6p8BH7wQ56QjYdXBBdT8jdqhz was preloaded using link preload but not used within a few seconds from the window's load event. Please make sure it has an appropriate `as` value and it is preloaded intentionally. @ https://vercel.com/login?next=%2Fdashboard:0
[    5653ms] [WARNING] The resource https://vercel.com/_next/static/media/stripe-dark.16ozjth2vgb_3.svg?dpl=dpl_r9f6p8BH7wQ56QjYdXBBdT8jdqhz was preloaded using link preload but not used within a few seconds from the window's load event. Please make sure it has an appropriate `as` value and it is preloaded intentionally. @ https://vercel.com/login?next=%2Fdashboard:0
[    5653ms] [WARNING] The resource https://vercel.com/_next/static/media/adobe-light.406_7oryl71va.svg?dpl=dpl_r9f6p8BH7wQ56QjYdXBBdT8jdqhz was preloaded using link preload but not used within a few seconds from the window's load event. Please make sure it has an appropriate `as` value and it is preloaded intentionally. @ https://vercel.com/login?next=%2Fdashboard:0
[    5653ms] [WARNING] The resource https://vercel.com/_next/static/media/stripe-light.2l_1jctpe6k_4.svg?dpl=dpl_r9f6p8BH7wQ56QjYdXBBdT8jdqhz was preloaded using link preload but not used within a few seconds from the window's load event. Please make sure it has an appropriate `as` value and it is preloaded intentionally. @ https://vercel.com/login?next=%2Fdashboard:0
[    5738ms] [ERROR] [GSI_LOGGER]: FedCM get() rejects with NetworkError: Error retrieving a token. @ https://vercel.com/_next/static/chunks/28nwdohx_lqj8.js?dpl=dpl_r9f6p8BH7wQ56QjYdXBBdT8jdqhz:6
[    6044ms] [ERROR] Failed to load resource: the server responded with a status of 429 () @ https://o205439.ingest.sentry.io/api/1323670/envelope/?sentry_key=d00780d432ac4ccf882f60dd02062e14&sentry_version=7&sentry_client=sentry.javascript.browser%2F7.111.0:0
[    9096ms] [WARNING] The resource https://vercel.com/_next/static/media/ebay-light.3ft_ki8203ov0.svg?dpl=dpl_r9f6p8BH7wQ56QjYdXBBdT8jdqhz was preloaded using link preload but not used within a few seconds from the window's load event. Please make sure it has an appropriate `as` value and it is preloaded intentionally. @ https://vercel.com/login?next=%2Fdashboard:0
[    9096ms] [WARNING] The resource https://vercel.com/_next/static/media/ebay-dark.34mho2a18qqlt.svg?dpl=dpl_r9f6p8BH7wQ56QjYdXBBdT8jdqhz was preloaded using link preload but not used within a few seconds from the window's load event. Please make sure it has an appropriate `as` value and it is preloaded intentionally. @ https://vercel.com/login?next=%2Fdashboard:0
[    9096ms] [WARNING] The resource https://vercel.com/_next/static/media/stripe-dark.16ozjth2vgb_3.svg?dpl=dpl_r9f6p8BH7wQ56QjYdXBBdT8jdqhz was preloaded using link preload but not used within a few seconds from the window's load event. Please make sure it has an appropriate `as` value and it is preloaded intentionally. @ https://vercel.com/login?next=%2Fdashboard:0
[    9096ms] [WARNING] The resource https://vercel.com/_next/static/media/adobe-light.406_7oryl71va.svg?dpl=dpl_r9f6p8BH7wQ56QjYdXBBdT8jdqhz was preloaded using link preload but not used within a few seconds from the window's load event. Please make sure it has an appropriate `as` value and it is preloaded intentionally. @ https://vercel.com/login?next=%2Fdashboard:0
[    9096ms] [WARNING] The resource https://vercel.com/_next/static/media/stripe-light.2l_1jctpe6k_4.svg?dpl=dpl_r9f6p8BH7wQ56QjYdXBBdT8jdqhz was preloaded using link preload but not used within a few seconds from the window's load event. Please make sure it has an appropriate `as` value and it is preloaded intentionally. @ https://vercel.com/login?next=%2Fdashboard:0
[   68219ms] [ERROR] Failed to load resource: the server responded with a status of 500 () @ https://vercel.com/.well-known/otel/metrics:0
[   71222ms] [WARNING] The resource https://vercel.com/_next/static/media/ebay-light.3ft_ki8203ov0.svg?dpl=dpl_r9f6p8BH7wQ56QjYdXBBdT8jdqhz was preloaded using link preload but not used within a few seconds from the window's load event. Please make sure it has an appropriate `as` value and it is preloaded intentionally. @ https://vercel.com/login?next=%2Fdashboard:0
[   71222ms] [WARNING] The resource https://vercel.com/_next/static/media/ebay-dark.34mho2a18qqlt.svg?dpl=dpl_r9f6p8BH7wQ56QjYdXBBdT8jdqhz was preloaded using link preload but not used within a few seconds from the window's load event. Please make sure it has an appropriate `as` value and it is preloaded intentionally. @ https://vercel.com/login?next=%2Fdashboard:0
[   71222ms] [WARNING] The resource https://vercel.com/_next/static/media/stripe-dark.16ozjth2vgb_3.svg?dpl=dpl_r9f6p8BH7wQ56QjYdXBBdT8jdqhz was preloaded using link preload but not used within a few seconds from the window's load event. Please make sure it has an appropriate `as` value and it is preloaded intentionally. @ https://vercel.com/login?next=%2Fdashboard:0
[   71222ms] [WARNING] The resource https://vercel.com/_next/static/media/adobe-light.406_7oryl71va.svg?dpl=dpl_r9f6p8BH7wQ56QjYdXBBdT8jdqhz was preloaded using link preload but not used within a few seconds from the window's load event. Please make sure it has an appropriate `as` value and it is preloaded intentionally. @ https://vercel.com/login?next=%2Fdashboard:0
[   71222ms] [WARNING] The resource https://vercel.com/_next/static/media/stripe-light.2l_1jctpe6k_4.svg?dpl=dpl_r9f6p8BH7wQ56QjYdXBBdT8jdqhz was preloaded using link preload but not used within a few seconds from the window's load event. Please make sure it has an appropriate `as` value and it is preloaded intentionally. @ https://vercel.com/login?next=%2Fdashboard:0
[  605264ms] [WARNING] The resource https://vercel.com/_next/static/media/ebay-light.3ft_ki8203ov0.svg?dpl=dpl_r9f6p8BH7wQ56QjYdXBBdT8jdqhz was preloaded using link preload but not used within a few seconds from the window's load event. Please make sure it has an appropriate `as` value and it is preloaded intentionally. @ https://vercel.com/login?next=%2Fdashboard:0
[  605265ms] [WARNING] The resource https://vercel.com/_next/static/media/ebay-dark.34mho2a18qqlt.svg?dpl=dpl_r9f6p8BH7wQ56QjYdXBBdT8jdqhz was preloaded using link preload but not used within a few seconds from the window's load event. Please make sure it has an appropriate `as` value and it is preloaded intentionally. @ https://vercel.com/login?next=%2Fdashboard:0
[  605265ms] [WARNING] The resource https://vercel.com/_next/static/media/stripe-dark.16ozjth2vgb_3.svg?dpl=dpl_r9f6p8BH7wQ56QjYdXBBdT8jdqhz was preloaded using link preload but not used within a few seconds from the window's load event. Please make sure it has an appropriate `as` value and it is preloaded intentionally. @ https://vercel.com/login?next=%2Fdashboard:0
[  605265ms] [WARNING] The resource https://vercel.com/_next/static/media/adobe-light.406_7oryl71va.svg?dpl=dpl_r9f6p8BH7wQ56QjYdXBBdT8jdqhz was preloaded using link preload but not used within a few seconds from the window's load event. Please make sure it has an appropriate `as` value and it is preloaded intentionally. @ https://vercel.com/login?next=%2Fdashboard:0
[  605265ms] [WARNING] The resource https://vercel.com/_next/static/media/stripe-light.2l_1jctpe6k_4.svg?dpl=dpl_r9f6p8BH7wQ56QjYdXBBdT8jdqhz was preloaded using link preload but not used within a few seconds from the window's load event. Please make sure it has an appropriate `as` value and it is preloaded intentionally. @ https://vercel.com/login?next=%2Fdashboard:0
